0	0	0	0
1	-0.00221682060487467	0.0998334166468282	-0.102050237251703
2	-0.00443364120974934	0.198669330795061	-0.20310297200481
3	-0.00665046181462401	0.29552020666134	-0.302170668475964
4	-0.00886728241949869	0.389418342308651	-0.39828562472815
5	-0.0110841030243734	0.479425538604203	-0.490509641628576
6	-0.013300923629248	0.564642473395035	-0.577943397024283
7	-0.0155177442341227	0.644217687237691	-0.659735431471814
8	-0.0177345648389974	0.717356090899523	-0.73509065573852
9	-0.019951385443872	0.783326909627483	-0.803278295071355
10	-0.0221682060487467	0.841470984807897	-0.863639190856644
11	-0.0243850266536214	0.891207360061435	-0.915592386715056
12	-0.0266018472584961	0.932039085967226	-0.958640933225722
13	-0.0288186678633707	0.963558185417193	-0.992376853280564
14	-0.0310354884682454	0.98544972998846	-1.01648521845671
15	-0.0332523090731201	0.997494986604054	-1.03074729567717
16	-0.0354691296779947	0.999573603041505	-1.0350427327195
17	-0.0376859502828694	0.991664810452469	-1.02935076073534
18	-0.0399027708877441	0.973847630878195	-1.01375040176594
19	-0.0421195914926188	0.946300087687414	-0.988419679180033
20	-0.0443364120974934	0.909297426825682	-0.953633838923175
21	-0.0465532327023681	0.863209366648874	-0.909762599351242
22	-0.0487700533072428	0.80849640381959	-0.857266457126833
23	-0.0509868739121174	0.74570521217672	-0.796692086088837
24	-0.0532036945169921	0.675463180551151	-0.728666875068143
25	-0.0554205151218668	0.598472144103956	-0.653892659225823
26	-0.0576373357267415	0.515501371821464	-0.573138707548206
27	-0.0598541563316161	0.42737988023383	-0.487234036565446
28	-0.0620709769364908	0.334988150155905	-0.397059127092396
29	-0.0642877975413655	0.239249329213982	-0.303537126755347
30	-0.0665046181462401	0.141120008059867	-0.207624626206107
31	-0.0687214387511148	0.0415806624332905	-0.110302101184405
32	-0.0709382593559895	-0.0583741434275801	-0.0125641159284094
33	-0.0731550799608642	-0.157745694143249	0.0845906141823848
34	-0.0753719005657388	-0.255541102026832	0.180169201461093
35	-0.0775887211706135	-0.35078322768962	0.273194506519007
36	-0.0798055417754882	-0.442520443294852	0.362714901519364
37	-0.0820223623803629	-0.529836140908493	0.44781377852813
38	-0.0842391829852375	-0.611857890942719	0.527618707957481
39	-0.0864560035901122	-0.687766159183974	0.601310155593862
40	-0.0886728241949869	-0.756802495307928	0.668129671112941
41	-0.0908896447998615	-0.818277111064411	0.72738746626455
42	-0.0931064654047362	-0.871575772413588	0.778469307008852
43	-0.0953232860096109	-0.916165936749455	0.820842650739844
44	-0.0975401066144855	-0.951602073889516	0.85406196727503
45	-0.0997569272193602	-0.977530117665097	0.877773190445737
46	-0.101973747824235	-0.993691003633465	0.89171725580923
47	-0.10419056842911	-0.999923257564101	0.895732689134991
48	-0.106407389033984	-0.996164608835841	0.889757219801857
49	-0.108624209638859	-0.982452612624332	0.873828402985473
50	-0.110841030243734	-0.958924274663138	0.848083244419404
51	-0.113057850848608	-0.925814682327732	0.812756831479124
52	-0.115274671453483	-0.883454655720153	0.76817998426667
53	-0.117491492058358	-0.832267442223901	0.714775950165543
54	-0.119708312663232	-0.772764487555987	0.653056174892755
55	-0.121925133268107	-0.705540325570392	0.583615192302285
56	-0.124141953872982	-0.631266637872321	0.507124683999339
57	-0.126358774477856	-0.550685542597638	0.424326768119782
58	-0.128575595082731	-0.464602179413757	0.336026584331026
59	-0.130792415687606	-0.373876664830236	0.24308424914263
60	-0.13300923629248	-0.279415498198926	0.146406261906446
61	-0.135226056897355	-0.182162504272095	0.04693644737474
62	-0.13744287750223	-0.0830894028174964	-0.0543534746847332
63	-0.139659698107104	0.0168139004843506	-0.156473598591455
64	-0.141876518711979	0.116549204850494	-0.258425723562473
65	-0.144093339316854	0.215119988087816	-0.35921332740467
66	-0.146310159921728	0.311541363513379	-0.457851523435107
67	-0.148526980526603	0.404849920616598	-0.553376901143201
68	-0.150743801131478	0.494113351138609	-0.644857152270087
69	-0.152960621736352	0.5784397643882	-0.731400386124552
70	-0.155177442341227	0.656986598718789	-0.812164041060016
71	-0.157394262946102	0.728969040125876	-0.886363303071978
72	-0.159611083550976	0.793667863849153	-0.953278947400129
73	-0.161827904155851	0.850436620628565	-1.01226452478442
74	-0.164044724760726	0.898708095811627	-1.06275282057235
75	-0.1662615453656	0.937999976774739	-1.10426152214034
76	-0.168478365970475	0.967919672031487	-1.13639803800196
77	-0.17069518657535	0.988168233877	-1.15886342045235
78	-0.172912007180224	0.998543345374605	-1.17145535255483
79	-0.175128827785099	0.998941341839772	-1.17407016962487
80	-0.177345648389974	0.989358246623382	-1.16670389501336
81	-0.179562468994848	0.969889810845086	-1.14945227983993
82	-0.181779289599723	0.940730556679773	-1.1225098462795
83	-0.183996110204598	0.902171833756293	-1.08616794396089
84	-0.186212930809472	0.854598908088281	-1.04081183889775
85	-0.188429751414347	0.79848711262349	-0.986916864037837
86	-0.190646572019222	0.734397097874113	-0.925043669893335
87	-0.192863392624096	0.662969230082182	-0.855832622706278
88	-0.195080213228971	0.584917192891762	-0.779997406120733
89	-0.197297033833846	0.501020856457885	-0.698317890291731
90	-0.19951385443872	0.412118485241757	-0.611632339680477
91	-0.201730675043595	0.319098362349352	-0.520829037392947
92	-0.20394749564847	0.222889914100246	-0.426837409748716
93	-0.206164316253344	0.124454423507062	-0.330618739760406
94	-0.208381136858219	0.0247754254533578	-0.233156562311577
95	-0.210597957463094	-0.0751511204618093	-0.135446837001285
96	-0.212814778067968	-0.174326781222981	-0.0384879968449875
97	-0.215031598672843	-0.271760626410944	0.0567290277381009
98	-0.217248419277718	-0.366479129251928	0.14923070997421
99	-0.219465239882592	-0.457535893775321	0.238070653892729
